\BOOKMARK [0][-]{section*.4}{فهرست اشکال}{}% 1
\BOOKMARK [0][-]{section*.5}{فهرست جداول}{}% 2
\BOOKMARK [0][-]{chapter.1}{راهنمای استفاده از الگوی لاتک دانشگاه صنعتی امیرکبیر\(پلی‌تکنیک تهران\)}{}% 3
\BOOKMARK [1][-]{section.1.1}{مقدمه}{chapter.1}% 4
\BOOKMARK [1][-]{section.1.2}{این همه فایل؟!}{chapter.1}% 5
\BOOKMARK [1][-]{section.1.3}{از کجا شروع کنم؟}{chapter.1}% 6
\BOOKMARK [1][-]{section.1.4}{مطالب پایان‌نامه را چطور بنویسم؟}{chapter.1}% 7
\BOOKMARK [2][-]{subsection.1.4.1}{نوشتن فصل‌ها}{section.1.4}% 8
\BOOKMARK [2][-]{subsection.1.4.2}{مراجع}{section.1.4}% 9
\BOOKMARK [2][-]{subsection.1.4.3}{واژه‌نامه فارسی به انگلیسی و برعکس}{section.1.4}% 10
\BOOKMARK [1][-]{section.1.5}{اگر سوالی داشتم، از کی بپرسم؟}{chapter.1}% 11
\BOOKMARK [0][-]{chapter.2}{طریقه‌ی مرجع نویسی و واژه‌نامه‌}{}% 12
\BOOKMARK [1][-]{section.2.1}{طریقه‌ی مرجع نویسی}{chapter.2}% 13
\BOOKMARK [2][-]{subsection.2.1.1}{بارگیری مراجع}{section.2.1}% 14
\BOOKMARK [2][-]{subsection.2.1.2}{روش ارجاع در متن}{section.2.1}% 15
\BOOKMARK [2][-]{subsection.2.1.3}{روش اجرای برنامه}{section.2.1}% 16
\BOOKMARK [2][-]{subsection.2.1.4}{مراجع فارسی}{section.2.1}% 17
\BOOKMARK [1][-]{section.2.2}{راهنمای واژه‌نامه}{chapter.2}% 18
\BOOKMARK [1][-]{section.2.3}{ساخت نمایه}{chapter.2}% 19
\BOOKMARK [2][-]{subsection.2.3.1}{ساخت نمایه}{section.2.3}% 20
\BOOKMARK [0][-]{chapter.3}{نگارش صحيح}{}% 21
\BOOKMARK [1][-]{section.3.1}{مقدمه}{chapter.3}% 22
\BOOKMARK [1][-]{section.3.2}{فارسی نویسی}{chapter.3}% 23
\BOOKMARK [1][-]{section.3.3}{رعایت املای صحيح }{chapter.3}% 24
\BOOKMARK [1][-]{section.3.4}{رعایت قواعد نشانه‌گذاری}{chapter.3}% 25
\BOOKMARK [2][-]{subsection.3.4.1}{ويرگول}{section.3.4}% 26
\BOOKMARK [2][-]{subsection.3.4.2}{نقطه}{section.3.4}% 27
\BOOKMARK [2][-]{subsection.3.4.3}{دونقطه}{section.3.4}% 28
\BOOKMARK [2][-]{subsection.3.4.4}{گیومه}{section.3.4}% 29
\BOOKMARK [2][-]{subsection.3.4.5}{نشانه پرسشی}{section.3.4}% 30
\BOOKMARK [2][-]{subsection.3.4.6}{خط تیره}{section.3.4}% 31
\BOOKMARK [2][-]{subsection.3.4.7}{پرانتز}{section.3.4}% 32
\BOOKMARK [1][-]{section.3.5}{جدا یا سرهم نوشتن برخی کلمات}{chapter.3}% 33
\BOOKMARK [0][-]{chapter.4}{مشخصات یک پایان نامه و گزارش علمی}{}% 34
\BOOKMARK [1][-]{section.4.1}{برخورداری از غنای علمی }{chapter.4}% 35
\BOOKMARK [1][-]{section.4.2}{ارجاع به‌موقع و صحیح به منابع دیگر}{chapter.4}% 36
\BOOKMARK [1][-]{section.4.3}{ساده‌نویسی }{chapter.4}% 37
\BOOKMARK [1][-]{section.4.4}{وحدت موضوع}{chapter.4}% 38
\BOOKMARK [1][-]{section.4.5}{اختصار}{chapter.4}% 39
\BOOKMARK [1][-]{section.4.6}{رعایت نكات دستوري و نشانه‌گذاري}{chapter.4}% 40
\BOOKMARK [1][-]{section.4.7}{توجه به معلومات ذهنی مخاطب}{chapter.4}% 41
\BOOKMARK [1][-]{section.4.8}{رعایت مراحل اصولی نگارش}{chapter.4}% 42
\BOOKMARK [0][-]{chapter.5}{جمع‌بندي و نتيجه‌گيري و پیشنهادات}{}% 43
\BOOKMARK [1][-]{section.5.1}{پیشنهادات}{chapter.5}% 44
\BOOKMARK [0][-]{appendix*.6}{منابع و مراجع}{}% 45
\BOOKMARK [0][-]{appendix*.7}{پیوست}{}% 46
\BOOKMARK [0][-]{appendix*.9}{واژه‌نامه‌ی فارسی به انگلیسی}{}% 47
\BOOKMARK [0][-]{appendix*.10}{واژه‌نامه‌ی انگلیسی به فارسی}{}% 48
