\BOOKMARK [0][-]{section*.2}{فهرست اشکال}{}% 1
\BOOKMARK [0][-]{section*.3}{فهرست جداول}{}% 2
\BOOKMARK [0][-]{chapter.1}{مقدمه}{}% 3
\BOOKMARK [1][-]{section.1.1}{کیفیت در نرم‌افزار}{chapter.1}% 4
\BOOKMARK [2][-]{subsection.1.1.1}{تضمین و کنترل کیفیت}{section.1.1}% 5
\BOOKMARK [2][-]{subsection.1.1.2}{کیفیت در سامانه‌های نرم‌افزاری مبتنی بر وب}{section.1.1}% 6
\BOOKMARK [1][-]{section.1.2}{مشخصه‌های کیفی نرم‌افزار}{chapter.1}% 7
\BOOKMARK [2][-]{subsection.1.2.1}{کارآیی}{section.1.2}% 8
\BOOKMARK [1][-]{section.1.3}{چرخه طراحی سامانه‌های مبتنی بر وب}{chapter.1}% 9
\BOOKMARK [2][-]{subsection.1.3.1}{تلفیق نگاه مهندسی و هنری}{section.1.3}% 10
\BOOKMARK [1][-]{section.1.4}{جمع‌سپاری}{chapter.1}% 11
\BOOKMARK [2][-]{subsection.1.4.1}{جمع‌سپاری برای جمع‌آوری داده}{section.1.4}% 12
\BOOKMARK [0][-]{chapter.2}{شیوه پژوهش‌}{}% 13
\BOOKMARK [0][-]{chapter.3}{مروری بر کارهای گذشته، روش‌ها و ابزارهای موجود}{}% 14
\BOOKMARK [1][-]{section.3.1}{مدل‌های کیفیتی}{chapter.3}% 15
\BOOKMARK [2][-]{subsection.3.1.1}{مدل‌های سلسله‌مراتبی}{section.3.1}% 16
\BOOKMARK [2][-]{subsection.3.1.2}{مدل‌های مبتنی بر متامدل}{section.3.1}% 17
\BOOKMARK [2][-]{subsection.3.1.3}{مدل‌های آماری و ضمنی}{section.3.1}% 18
\BOOKMARK [1][-]{section.3.2}{تمرکز بر استفاده‌پذیری روی مدل‌های کیفیتی}{chapter.3}% 19
\BOOKMARK [1][-]{section.3.3}{مطالعه استفاده‌پذیری و ارزیابی تجربه کاربری}{chapter.3}% 20
\BOOKMARK [2][-]{subsection.3.3.1}{ارزیابی خرد}{section.3.3}% 21
\BOOKMARK [2][-]{subsection.3.3.2}{ارزیابی کلان}{section.3.3}% 22
\BOOKMARK [2][-]{subsection.3.3.3}{اهداف کاربری}{section.3.3}% 23
\BOOKMARK [1][-]{section.3.4}{سناریو‌های سنجش استفاده‌پذیری و خصیصه‌های هرکدام}{chapter.3}% 24
\BOOKMARK [2][-]{subsection.3.4.1}{سناریو‌های مطرح در مطالعه استفاده‌پذیری}{section.3.4}% 25
\BOOKMARK [2][-]{subsection.3.4.2}{موفقیت‌آمیز بودن وظیفه}{section.3.4}% 26
\BOOKMARK [2][-]{subsection.3.4.3}{زمان انجام وظیفه}{section.3.4}% 27
\BOOKMARK [2][-]{subsection.3.4.4}{خطاها}{section.3.4}% 28
\BOOKMARK [2][-]{subsection.3.4.5}{بهره‌وری}{section.3.4}% 29
\BOOKMARK [2][-]{subsection.3.4.6}{یادگیری پذیری}{section.3.4}% 30
\BOOKMARK [2][-]{subsection.3.4.7}{خصیصه‌های موردی}{section.3.4}% 31
\BOOKMARK [2][-]{subsection.3.4.8}{خصیصه‌های خود اعلامی}{section.3.4}% 32
\BOOKMARK [2][-]{subsection.3.4.9}{خصیصه‌های فیزیولوژیکی و رفتاری}{section.3.4}% 33
\BOOKMARK [2][-]{subsection.3.4.10}{خصیصه های ترکیبی و مقایسه‌ای}{section.3.4}% 34
\BOOKMARK [2][-]{subsection.3.4.11}{خصیصه‌های وبسایت بلادرنگ}{section.3.4}% 35
\BOOKMARK [2][-]{subsection.3.4.12}{الگوهای مرتب‌سازی}{section.3.4}% 36
\BOOKMARK [1][-]{section.3.5}{روش‌های سنجش استفاده‌پذیری}{chapter.3}% 37
\BOOKMARK [1][-]{section.3.6}{ابزارهای مطالعه استفاده‌پذیری}{chapter.3}% 38
\BOOKMARK [0][-]{appendix*.38}{پیوست}{}% 39
\BOOKMARK [0][-]{appendix*.39}{واژه‌نامه‌ی فارسی به انگلیسی}{}% 40
